0 info it worked if it ends with ok
1 verbose cli [ '/usr/bin/nodejs', '/usr/bin/npm', 'install', '-g', 'bl' ]
2 info using npm@3.10.10
3 info using node@v6.10.0
4 silly loadCurrentTree Starting
5 silly install loadCurrentTree
6 silly install readGlobalPackageData
7 silly fetchPackageMetaData bl
8 silly fetchNamedPackageData bl
9 silly mapToRegistry name bl
10 silly mapToRegistry using default registry
11 silly mapToRegistry registry https://registry.npmjs.org/
12 silly mapToRegistry data Result {
12 silly mapToRegistry   raw: 'bl',
12 silly mapToRegistry   scope: null,
12 silly mapToRegistry   escapedName: 'bl',
12 silly mapToRegistry   name: 'bl',
12 silly mapToRegistry   rawSpec: '',
12 silly mapToRegistry   spec: 'latest',
12 silly mapToRegistry   type: 'tag' }
13 silly mapToRegistry uri https://registry.npmjs.org/bl
14 verbose request uri https://registry.npmjs.org/bl
15 verbose request no auth needed
16 info attempt registry request try #1 at 9:08:40 AM
17 verbose request id 63b217e9e0ab4b06
18 http request GET https://registry.npmjs.org/bl
19 http 200 https://registry.npmjs.org/bl
20 verbose headers { server: 'nginx/1.10.1',
20 verbose headers   'content-type': 'application/json',
20 verbose headers   'last-modified': 'Sat, 25 Mar 2017 09:44:59 GMT',
20 verbose headers   etag: 'W/"58d63c1b-acd3"',
20 verbose headers   'content-encoding': 'gzip',
20 verbose headers   'cache-control': 'max-age=300',
20 verbose headers   'content-length': '7446',
20 verbose headers   'accept-ranges': 'bytes',
20 verbose headers   date: 'Thu, 06 Apr 2017 16:08:41 GMT',
20 verbose headers   via: '1.1 varnish',
20 verbose headers   age: '148',
20 verbose headers   connection: 'keep-alive',
20 verbose headers   'x-served-by': 'cache-sin18024-SIN',
20 verbose headers   'x-cache': 'HIT',
20 verbose headers   'x-cache-hits': '2',
20 verbose headers   'x-timer': 'S1491494921.188522,VS0,VE0',
20 verbose headers   vary: 'Accept-Encoding' }
21 silly get cb [ 200,
21 silly get   { server: 'nginx/1.10.1',
21 silly get     'content-type': 'application/json',
21 silly get     'last-modified': 'Sat, 25 Mar 2017 09:44:59 GMT',
21 silly get     etag: 'W/"58d63c1b-acd3"',
21 silly get     'content-encoding': 'gzip',
21 silly get     'cache-control': 'max-age=300',
21 silly get     'content-length': '7446',
21 silly get     'accept-ranges': 'bytes',
21 silly get     date: 'Thu, 06 Apr 2017 16:08:41 GMT',
21 silly get     via: '1.1 varnish',
21 silly get     age: '148',
21 silly get     connection: 'keep-alive',
21 silly get     'x-served-by': 'cache-sin18024-SIN',
21 silly get     'x-cache': 'HIT',
21 silly get     'x-cache-hits': '2',
21 silly get     'x-timer': 'S1491494921.188522,VS0,VE0',
21 silly get     vary: 'Accept-Encoding' } ]
22 verbose get saving bl to /home/shahriar294/.npm/registry.npmjs.org/bl/.cache.json
23 verbose correctMkdir /home/shahriar294/.npm correctMkdir not in flight; initializing
24 silly install normalizeTree
25 silly loadCurrentTree Finishing
26 silly loadIdealTree Starting
27 silly install loadIdealTree
28 silly cloneCurrentTree Starting
29 silly install cloneCurrentTreeToIdealTree
30 silly cloneCurrentTree Finishing
31 silly loadShrinkwrap Starting
32 silly install loadShrinkwrap
33 silly loadShrinkwrap Finishing
34 silly loadAllDepsIntoIdealTree Starting
35 silly install loadAllDepsIntoIdealTree
36 silly resolveWithNewModule bl@1.2.0 checking installable status
37 silly cache add args [ 'bl', null ]
38 verbose cache add spec bl
39 silly cache add parsed spec Result {
39 silly cache add   raw: 'bl',
39 silly cache add   scope: null,
39 silly cache add   escapedName: 'bl',
39 silly cache add   name: 'bl',
39 silly cache add   rawSpec: '',
39 silly cache add   spec: 'latest',
39 silly cache add   type: 'tag' }
40 silly addNamed bl@latest
41 verbose addNamed "latest" is being treated as a dist-tag for bl
42 info addNameTag [ 'bl', 'latest' ]
43 silly mapToRegistry name bl
44 silly mapToRegistry using default registry
45 silly mapToRegistry registry https://registry.npmjs.org/
46 silly mapToRegistry data Result {
46 silly mapToRegistry   raw: 'bl',
46 silly mapToRegistry   scope: null,
46 silly mapToRegistry   escapedName: 'bl',
46 silly mapToRegistry   name: 'bl',
46 silly mapToRegistry   rawSpec: '',
46 silly mapToRegistry   spec: 'latest',
46 silly mapToRegistry   type: 'tag' }
47 silly mapToRegistry uri https://registry.npmjs.org/bl
48 verbose addNameTag registry:https://registry.npmjs.org/bl not in flight; fetching
49 verbose get https://registry.npmjs.org/bl not expired, no request
50 silly addNameTag next cb for bl with tag latest
51 silly addNamed bl@1.2.0
52 verbose addNamed "1.2.0" is a plain semver version for bl
53 silly mapToRegistry name bl
54 silly mapToRegistry using default registry
55 silly mapToRegistry registry https://registry.npmjs.org/
56 silly mapToRegistry data Result {
56 silly mapToRegistry   raw: 'bl',
56 silly mapToRegistry   scope: null,
56 silly mapToRegistry   escapedName: 'bl',
56 silly mapToRegistry   name: 'bl',
56 silly mapToRegistry   rawSpec: '',
56 silly mapToRegistry   spec: 'latest',
56 silly mapToRegistry   type: 'tag' }
57 silly mapToRegistry uri https://registry.npmjs.org/bl
58 verbose addRemoteTarball https://registry.npmjs.org/bl/-/bl-1.2.0.tgz not in flight; adding
59 verbose addRemoteTarball [ 'https://registry.npmjs.org/bl/-/bl-1.2.0.tgz',
59 verbose addRemoteTarball   '1397e7ec42c5f5dc387470c500e34a9f6be9ea98' ]
60 info retry fetch attempt 1 at 9:08:41 AM
61 info attempt registry request try #1 at 9:08:41 AM
62 http fetch GET https://registry.npmjs.org/bl/-/bl-1.2.0.tgz
63 http fetch 200 https://registry.npmjs.org/bl/-/bl-1.2.0.tgz
64 silly fetchAndShaCheck shasum 1397e7ec42c5f5dc387470c500e34a9f6be9ea98
65 verbose addTmpTarball /tmp/npm-3928-9dccdd3b/registry.npmjs.org/bl/-/bl-1.2.0.tgz not in flight; adding
66 verbose addTmpTarball already have metadata; skipping unpack for bl@1.2.0
67 verbose correctMkdir /home/shahriar294/.npm correctMkdir not in flight; initializing
68 silly cache afterAdd bl@1.2.0
69 verbose afterAdd /home/shahriar294/.npm/bl/1.2.0/package/package.json not in flight; writing
70 verbose correctMkdir /home/shahriar294/.npm correctMkdir not in flight; initializing
71 verbose afterAdd /home/shahriar294/.npm/bl/1.2.0/package/package.json written
72 silly fetchNamedPackageData readable-stream
73 silly mapToRegistry name readable-stream
74 silly mapToRegistry using default registry
75 silly mapToRegistry registry https://registry.npmjs.org/
76 silly mapToRegistry data Result {
76 silly mapToRegistry   raw: 'readable-stream',
76 silly mapToRegistry   scope: null,
76 silly mapToRegistry   escapedName: 'readable-stream',
76 silly mapToRegistry   name: 'readable-stream',
76 silly mapToRegistry   rawSpec: '',
76 silly mapToRegistry   spec: 'latest',
76 silly mapToRegistry   type: 'tag' }
77 silly mapToRegistry uri https://registry.npmjs.org/readable-stream
78 verbose request uri https://registry.npmjs.org/readable-stream
79 verbose request no auth needed
80 info attempt registry request try #1 at 9:08:41 AM
81 verbose etag W/"58ca4693-146fb"
82 verbose lastModified Thu, 16 Mar 2017 08:02:27 GMT
83 http request GET https://registry.npmjs.org/readable-stream
84 http 304 https://registry.npmjs.org/readable-stream
85 verbose headers { date: 'Thu, 06 Apr 2017 16:08:41 GMT',
85 verbose headers   via: '1.1 varnish',
85 verbose headers   'cache-control': 'max-age=300',
85 verbose headers   etag: 'W/"58ca4693-146fb"',
85 verbose headers   age: '33',
85 verbose headers   connection: 'keep-alive',
85 verbose headers   'x-served-by': 'cache-sin18024-SIN',
85 verbose headers   'x-cache': 'HIT',
85 verbose headers   'x-cache-hits': '2',
85 verbose headers   'x-timer': 'S1491494922.643593,VS0,VE0',
85 verbose headers   vary: 'Accept-Encoding' }
86 silly get cb [ 304,
86 silly get   { date: 'Thu, 06 Apr 2017 16:08:41 GMT',
86 silly get     via: '1.1 varnish',
86 silly get     'cache-control': 'max-age=300',
86 silly get     etag: 'W/"58ca4693-146fb"',
86 silly get     age: '33',
86 silly get     connection: 'keep-alive',
86 silly get     'x-served-by': 'cache-sin18024-SIN',
86 silly get     'x-cache': 'HIT',
86 silly get     'x-cache-hits': '2',
86 silly get     'x-timer': 'S1491494922.643593,VS0,VE0',
86 silly get     vary: 'Accept-Encoding' } ]
87 verbose etag https://registry.npmjs.org/readable-stream from cache
88 verbose get saving readable-stream to /home/shahriar294/.npm/registry.npmjs.org/readable-stream/.cache.json
89 verbose correctMkdir /home/shahriar294/.npm correctMkdir not in flight; initializing
90 silly resolveWithNewModule readable-stream@2.2.6 checking installable status
91 silly cache add args [ 'readable-stream@^2.0.5', null ]
92 verbose cache add spec readable-stream@^2.0.5
93 silly cache add parsed spec Result {
93 silly cache add   raw: 'readable-stream@^2.0.5',
93 silly cache add   scope: null,
93 silly cache add   escapedName: 'readable-stream',
93 silly cache add   name: 'readable-stream',
93 silly cache add   rawSpec: '^2.0.5',
93 silly cache add   spec: '>=2.0.5 <3.0.0',
93 silly cache add   type: 'range' }
94 silly addNamed readable-stream@>=2.0.5 <3.0.0
95 verbose addNamed ">=2.0.5 <3.0.0" is a valid semver range for readable-stream
96 silly addNameRange { name: 'readable-stream',
96 silly addNameRange   range: '>=2.0.5 <3.0.0',
96 silly addNameRange   hasData: false }
97 silly mapToRegistry name readable-stream
98 silly mapToRegistry using default registry
99 silly mapToRegistry registry https://registry.npmjs.org/
100 silly mapToRegistry data Result {
100 silly mapToRegistry   raw: 'readable-stream',
100 silly mapToRegistry   scope: null,
100 silly mapToRegistry   escapedName: 'readable-stream',
100 silly mapToRegistry   name: 'readable-stream',
100 silly mapToRegistry   rawSpec: '',
100 silly mapToRegistry   spec: 'latest',
100 silly mapToRegistry   type: 'tag' }
101 silly mapToRegistry uri https://registry.npmjs.org/readable-stream
102 verbose addNameRange registry:https://registry.npmjs.org/readable-stream not in flight; fetching
103 verbose get https://registry.npmjs.org/readable-stream not expired, no request
104 silly addNameRange number 2 { name: 'readable-stream',
104 silly addNameRange   range: '>=2.0.5 <3.0.0',
104 silly addNameRange   hasData: true }
105 silly addNameRange versions [ 'readable-stream',
105 silly addNameRange   [ '0.0.1',
105 silly addNameRange     '0.0.2',
105 silly addNameRange     '0.0.3',
105 silly addNameRange     '0.0.4',
105 silly addNameRange     '0.1.0',
105 silly addNameRange     '0.2.0',
105 silly addNameRange     '0.3.0',
105 silly addNameRange     '0.3.1',
105 silly addNameRange     '1.0.0',
105 silly addNameRange     '1.0.1',
105 silly addNameRange     '1.0.2',
105 silly addNameRange     '1.0.15',
105 silly addNameRange     '1.0.17',
105 silly addNameRange     '1.1.7',
105 silly addNameRange     '1.1.8',
105 silly addNameRange     '1.1.9',
105 silly addNameRange     '1.0.24',
105 silly addNameRange     '1.0.25',
105 silly addNameRange     '1.1.10',
105 silly addNameRange     '1.0.25-1',
105 silly addNameRange     '1.1.11',
105 silly addNameRange     '1.0.26',
105 silly addNameRange     '1.0.26-1',
105 silly addNameRange     '1.1.11-1',
105 silly addNameRange     '1.0.26-2',
105 silly addNameRange     '1.1.12',
105 silly addNameRange     '1.0.26-3',
105 silly addNameRange     '1.0.26-4',
105 silly addNameRange     '1.1.12-1',
105 silly addNameRange     '1.0.27-1',
105 silly addNameRange     '1.1.13-1',
105 silly addNameRange     '1.0.31',
105 silly addNameRange     '1.1.13',
105 silly addNameRange     '1.0.32',
105 silly addNameRange     '1.0.32-1',
105 silly addNameRange     '1.0.33-1',
105 silly addNameRange     '1.0.33-2',
105 silly addNameRange     '1.0.33',
105 silly addNameRange     '2.0.0',
105 silly addNameRange     '2.0.1',
105 silly addNameRange     '2.0.2',
105 silly addNameRange     '2.0.3',
105 silly addNameRange     '2.0.4',
105 silly addNameRange     '2.0.5',
105 silly addNameRange     '2.0.6',
105 silly addNameRange     '1.0.34',
105 silly addNameRange     '1.1.14',
105 silly addNameRange     '2.1.0',
105 silly addNameRange     '2.1.1',
105 silly addNameRange     '2.1.2',
105 silly addNameRange     '2.1.3',
105 silly addNameRange     '2.1.4',
105 silly addNameRange     '2.1.5',
105 silly addNameRange     '2.2.0',
105 silly addNameRange     '2.2.1',
105 silly addNameRange     '2.2.2',
105 silly addNameRange     '2.2.3',
105 silly addNameRange     '2.2.4',
105 silly addNameRange     '2.2.5',
105 silly addNameRange     '2.2.6' ] ]
106 silly addNamed readable-stream@2.2.6
107 verbose addNamed "2.2.6" is a plain semver version for readable-stream
108 silly mapToRegistry name readable-stream
109 silly mapToRegistry using default registry
110 silly mapToRegistry registry https://registry.npmjs.org/
111 silly mapToRegistry data Result {
111 silly mapToRegistry   raw: 'readable-stream',
111 silly mapToRegistry   scope: null,
111 silly mapToRegistry   escapedName: 'readable-stream',
111 silly mapToRegistry   name: 'readable-stream',
111 silly mapToRegistry   rawSpec: '',
111 silly mapToRegistry   spec: 'latest',
111 silly mapToRegistry   type: 'tag' }
112 silly mapToRegistry uri https://registry.npmjs.org/readable-stream
113 verbose addRemoteTarball https://registry.npmjs.org/readable-stream/-/readable-stream-2.2.6.tgz not in flight; adding
114 verbose addRemoteTarball [ 'https://registry.npmjs.org/readable-stream/-/readable-stream-2.2.6.tgz',
114 verbose addRemoteTarball   '8b43aed76e71483938d12a8d46c6cf1a00b1f816' ]
115 info retry fetch attempt 1 at 9:08:41 AM
116 info attempt registry request try #1 at 9:08:41 AM
117 http fetch GET https://registry.npmjs.org/readable-stream/-/readable-stream-2.2.6.tgz
118 http fetch 200 https://registry.npmjs.org/readable-stream/-/readable-stream-2.2.6.tgz
119 silly fetchAndShaCheck shasum 8b43aed76e71483938d12a8d46c6cf1a00b1f816
120 verbose addTmpTarball /tmp/npm-3928-9dccdd3b/registry.npmjs.org/readable-stream/-/readable-stream-2.2.6.tgz not in flight; adding
121 verbose addTmpTarball already have metadata; skipping unpack for readable-stream@2.2.6
122 verbose correctMkdir /home/shahriar294/.npm correctMkdir not in flight; initializing
123 silly cache afterAdd readable-stream@2.2.6
124 verbose afterAdd /home/shahriar294/.npm/readable-stream/2.2.6/package/package.json not in flight; writing
125 verbose correctMkdir /home/shahriar294/.npm correctMkdir not in flight; initializing
126 verbose afterAdd /home/shahriar294/.npm/readable-stream/2.2.6/package/package.json written
127 silly fetchNamedPackageData buffer-shims
128 silly mapToRegistry name buffer-shims
129 silly mapToRegistry using default registry
130 silly mapToRegistry registry https://registry.npmjs.org/
131 silly mapToRegistry data Result {
131 silly mapToRegistry   raw: 'buffer-shims',
131 silly mapToRegistry   scope: null,
131 silly mapToRegistry   escapedName: 'buffer-shims',
131 silly mapToRegistry   name: 'buffer-shims',
131 silly mapToRegistry   rawSpec: '',
131 silly mapToRegistry   spec: 'latest',
131 silly mapToRegistry   type: 'tag' }
132 silly mapToRegistry uri https://registry.npmjs.org/buffer-shims
133 silly fetchNamedPackageData core-util-is
134 silly mapToRegistry name core-util-is
135 silly mapToRegistry using default registry
136 silly mapToRegistry registry https://registry.npmjs.org/
137 silly mapToRegistry data Result {
137 silly mapToRegistry   raw: 'core-util-is',
137 silly mapToRegistry   scope: null,
137 silly mapToRegistry   escapedName: 'core-util-is',
137 silly mapToRegistry   name: 'core-util-is',
137 silly mapToRegistry   rawSpec: '',
137 silly mapToRegistry   spec: 'latest',
137 silly mapToRegistry   type: 'tag' }
138 silly mapToRegistry uri https://registry.npmjs.org/core-util-is
139 silly fetchNamedPackageData isarray
140 silly mapToRegistry name isarray
141 silly mapToRegistry using default registry
142 silly mapToRegistry registry https://registry.npmjs.org/
143 silly mapToRegistry data Result {
143 silly mapToRegistry   raw: 'isarray',
143 silly mapToRegistry   scope: null,
143 silly mapToRegistry   escapedName: 'isarray',
143 silly mapToRegistry   name: 'isarray',
143 silly mapToRegistry   rawSpec: '',
143 silly mapToRegistry   spec: 'latest',
143 silly mapToRegistry   type: 'tag' }
144 silly mapToRegistry uri https://registry.npmjs.org/isarray
145 silly fetchNamedPackageData inherits
146 silly mapToRegistry name inherits
147 silly mapToRegistry using default registry
148 silly mapToRegistry registry https://registry.npmjs.org/
149 silly mapToRegistry data Result {
149 silly mapToRegistry   raw: 'inherits',
149 silly mapToRegistry   scope: null,
149 silly mapToRegistry   escapedName: 'inherits',
149 silly mapToRegistry   name: 'inherits',
149 silly mapToRegistry   rawSpec: '',
149 silly mapToRegistry   spec: 'latest',
149 silly mapToRegistry   type: 'tag' }
150 silly mapToRegistry uri https://registry.npmjs.org/inherits
151 silly fetchNamedPackageData process-nextick-args
152 silly mapToRegistry name process-nextick-args
153 silly mapToRegistry using default registry
154 silly mapToRegistry registry https://registry.npmjs.org/
155 silly mapToRegistry data Result {
155 silly mapToRegistry   raw: 'process-nextick-args',
155 silly mapToRegistry   scope: null,
155 silly mapToRegistry   escapedName: 'process-nextick-args',
155 silly mapToRegistry   name: 'process-nextick-args',
155 silly mapToRegistry   rawSpec: '',
155 silly mapToRegistry   spec: 'latest',
155 silly mapToRegistry   type: 'tag' }
156 silly mapToRegistry uri https://registry.npmjs.org/process-nextick-args
157 silly fetchNamedPackageData string_decoder
158 silly mapToRegistry name string_decoder
159 silly mapToRegistry using default registry
160 silly mapToRegistry registry https://registry.npmjs.org/
161 silly mapToRegistry data Result {
161 silly mapToRegistry   raw: 'string_decoder',
161 silly mapToRegistry   scope: null,
161 silly mapToRegistry   escapedName: 'string_decoder',
161 silly mapToRegistry   name: 'string_decoder',
161 silly mapToRegistry   rawSpec: '',
161 silly mapToRegistry   spec: 'latest',
161 silly mapToRegistry   type: 'tag' }
162 silly mapToRegistry uri https://registry.npmjs.org/string_decoder
163 silly fetchNamedPackageData util-deprecate
164 silly mapToRegistry name util-deprecate
165 silly mapToRegistry using default registry
166 silly mapToRegistry registry https://registry.npmjs.org/
167 silly mapToRegistry data Result {
167 silly mapToRegistry   raw: 'util-deprecate',
167 silly mapToRegistry   scope: null,
167 silly mapToRegistry   escapedName: 'util-deprecate',
167 silly mapToRegistry   name: 'util-deprecate',
167 silly mapToRegistry   rawSpec: '',
167 silly mapToRegistry   spec: 'latest',
167 silly mapToRegistry   type: 'tag' }
168 silly mapToRegistry uri https://registry.npmjs.org/util-deprecate
169 verbose request uri https://registry.npmjs.org/buffer-shims
170 verbose request no auth needed
171 info attempt registry request try #1 at 9:08:42 AM
172 http request GET https://registry.npmjs.org/buffer-shims
173 verbose request uri https://registry.npmjs.org/core-util-is
174 verbose request no auth needed
175 info attempt registry request try #1 at 9:08:42 AM
176 http request GET https://registry.npmjs.org/core-util-is
177 verbose request uri https://registry.npmjs.org/process-nextick-args
178 verbose request no auth needed
179 info attempt registry request try #1 at 9:08:42 AM
180 http request GET https://registry.npmjs.org/process-nextick-args
181 verbose request uri https://registry.npmjs.org/string_decoder
182 verbose request no auth needed
183 info attempt registry request try #1 at 9:08:42 AM
184 http request GET https://registry.npmjs.org/string_decoder
185 verbose request uri https://registry.npmjs.org/util-deprecate
186 verbose request no auth needed
187 info attempt registry request try #1 at 9:08:42 AM
188 http request GET https://registry.npmjs.org/util-deprecate
189 verbose request uri https://registry.npmjs.org/isarray
190 verbose request no auth needed
191 info attempt registry request try #1 at 9:08:42 AM
192 verbose etag W/"5818d2eb-226a"
193 verbose lastModified Tue, 01 Nov 2016 17:37:47 GMT
194 http request GET https://registry.npmjs.org/isarray
195 verbose request uri https://registry.npmjs.org/inherits
196 verbose request no auth needed
197 info attempt registry request try #1 at 9:08:42 AM
198 verbose etag W/"5881edff-2213"
199 verbose lastModified Fri, 20 Jan 2017 11:01:19 GMT
200 http request GET https://registry.npmjs.org/inherits
201 http 200 https://registry.npmjs.org/buffer-shims
202 verbose headers { server: 'nginx/1.10.1',
202 verbose headers   'content-type': 'application/json',
202 verbose headers   'last-modified': 'Fri, 06 May 2016 18:54:51 GMT',
202 verbose headers   etag: 'W/"572ce87b-833"',
202 verbose headers   'content-encoding': 'gzip',
202 verbose headers   'cache-control': 'max-age=300',
202 verbose headers   'content-length': '936',
202 verbose headers   'accept-ranges': 'bytes',
202 verbose headers   date: 'Thu, 06 Apr 2017 16:08:42 GMT',
202 verbose headers   via: '1.1 varnish',
202 verbose headers   age: '27',
202 verbose headers   connection: 'keep-alive',
202 verbose headers   'x-served-by': 'cache-sin18024-SIN',
202 verbose headers   'x-cache': 'HIT',
202 verbose headers   'x-cache-hits': '368',
202 verbose headers   'x-timer': 'S1491494922.093041,VS0,VE0',
202 verbose headers   vary: 'Accept-Encoding' }
203 silly get cb [ 200,
203 silly get   { server: 'nginx/1.10.1',
203 silly get     'content-type': 'application/json',
203 silly get     'last-modified': 'Fri, 06 May 2016 18:54:51 GMT',
203 silly get     etag: 'W/"572ce87b-833"',
203 silly get     'content-encoding': 'gzip',
203 silly get     'cache-control': 'max-age=300',
203 silly get     'content-length': '936',
203 silly get     'accept-ranges': 'bytes',
203 silly get     date: 'Thu, 06 Apr 2017 16:08:42 GMT',
203 silly get     via: '1.1 varnish',
203 silly get     age: '27',
203 silly get     connection: 'keep-alive',
203 silly get     'x-served-by': 'cache-sin18024-SIN',
203 silly get     'x-cache': 'HIT',
203 silly get     'x-cache-hits': '368',
203 silly get     'x-timer': 'S1491494922.093041,VS0,VE0',
203 silly get     vary: 'Accept-Encoding' } ]
204 verbose get saving buffer-shims to /home/shahriar294/.npm/registry.npmjs.org/buffer-shims/.cache.json
205 verbose correctMkdir /home/shahriar294/.npm correctMkdir not in flight; initializing
206 silly resolveWithNewModule buffer-shims@1.0.0 checking installable status
207 silly cache add args [ 'buffer-shims@^1.0.0', null ]
208 verbose cache add spec buffer-shims@^1.0.0
209 silly cache add parsed spec Result {
209 silly cache add   raw: 'buffer-shims@^1.0.0',
209 silly cache add   scope: null,
209 silly cache add   escapedName: 'buffer-shims',
209 silly cache add   name: 'buffer-shims',
209 silly cache add   rawSpec: '^1.0.0',
209 silly cache add   spec: '>=1.0.0 <2.0.0',
209 silly cache add   type: 'range' }
210 silly addNamed buffer-shims@>=1.0.0 <2.0.0
211 verbose addNamed ">=1.0.0 <2.0.0" is a valid semver range for buffer-shims
212 silly addNameRange { name: 'buffer-shims', range: '>=1.0.0 <2.0.0', hasData: false }
213 silly mapToRegistry name buffer-shims
214 silly mapToRegistry using default registry
215 silly mapToRegistry registry https://registry.npmjs.org/
216 silly mapToRegistry data Result {
216 silly mapToRegistry   raw: 'buffer-shims',
216 silly mapToRegistry   scope: null,
216 silly mapToRegistry   escapedName: 'buffer-shims',
216 silly mapToRegistry   name: 'buffer-shims',
216 silly mapToRegistry   rawSpec: '',
216 silly mapToRegistry   spec: 'latest',
216 silly mapToRegistry   type: 'tag' }
217 silly mapToRegistry uri https://registry.npmjs.org/buffer-shims
218 verbose addNameRange registry:https://registry.npmjs.org/buffer-shims not in flight; fetching
219 verbose get https://registry.npmjs.org/buffer-shims not expired, no request
220 silly addNameRange number 2 { name: 'buffer-shims', range: '>=1.0.0 <2.0.0', hasData: true }
221 silly addNameRange versions [ 'buffer-shims', [ '1.0.0' ] ]
222 silly addNamed buffer-shims@1.0.0
223 verbose addNamed "1.0.0" is a plain semver version for buffer-shims
224 silly mapToRegistry name buffer-shims
225 silly mapToRegistry using default registry
226 silly mapToRegistry registry https://registry.npmjs.org/
227 silly mapToRegistry data Result {
227 silly mapToRegistry   raw: 'buffer-shims',
227 silly mapToRegistry   scope: null,
227 silly mapToRegistry   escapedName: 'buffer-shims',
227 silly mapToRegistry   name: 'buffer-shims',
227 silly mapToRegistry   rawSpec: '',
227 silly mapToRegistry   spec: 'latest',
227 silly mapToRegistry   type: 'tag' }
228 silly mapToRegistry uri https://registry.npmjs.org/buffer-shims
229 verbose addRemoteTarball https://registry.npmjs.org/buffer-shims/-/buffer-shims-1.0.0.tgz not in flight; adding
230 verbose addRemoteTarball [ 'https://registry.npmjs.org/buffer-shims/-/buffer-shims-1.0.0.tgz',
230 verbose addRemoteTarball   '9978ce317388c649ad8793028c3477ef044a8b51' ]
231 info retry fetch attempt 1 at 9:08:42 AM
232 info attempt registry request try #1 at 9:08:42 AM
233 http fetch GET https://registry.npmjs.org/buffer-shims/-/buffer-shims-1.0.0.tgz
234 http fetch 200 https://registry.npmjs.org/buffer-shims/-/buffer-shims-1.0.0.tgz
235 silly fetchAndShaCheck shasum 9978ce317388c649ad8793028c3477ef044a8b51
236 verbose addTmpTarball /tmp/npm-3928-9dccdd3b/registry.npmjs.org/buffer-shims/-/buffer-shims-1.0.0.tgz not in flight; adding
237 verbose addTmpTarball already have metadata; skipping unpack for buffer-shims@1.0.0
238 verbose correctMkdir /home/shahriar294/.npm correctMkdir not in flight; initializing
239 silly cache afterAdd buffer-shims@1.0.0
240 verbose afterAdd /home/shahriar294/.npm/buffer-shims/1.0.0/package/package.json not in flight; writing
241 verbose correctMkdir /home/shahriar294/.npm correctMkdir not in flight; initializing
242 verbose afterAdd /home/shahriar294/.npm/buffer-shims/1.0.0/package/package.json written
243 http 200 https://registry.npmjs.org/core-util-is
244 verbose headers { server: 'nginx/1.10.1',
244 verbose headers   'content-type': 'application/json',
244 verbose headers   'last-modified': 'Wed, 01 Mar 2017 06:11:08 GMT',
244 verbose headers   etag: 'W/"58b665fc-eb9"',
244 verbose headers   'content-encoding': 'gzip',
244 verbose headers   'cache-control': 'max-age=300',
244 verbose headers   'content-length': '964',
244 verbose headers   'accept-ranges': 'bytes',
244 verbose headers   date: 'Thu, 06 Apr 2017 16:08:42 GMT',
244 verbose headers   via: '1.1 varnish',
244 verbose headers   age: '241',
244 verbose headers   connection: 'keep-alive',
244 verbose headers   'x-served-by': 'cache-sin18023-SIN',
244 verbose headers   'x-cache': 'HIT',
244 verbose headers   'x-cache-hits': '8',
244 verbose headers   'x-timer': 'S1491494922.363837,VS0,VE0',
244 verbose headers   vary: 'Accept-Encoding' }
245 silly get cb [ 200,
245 silly get   { server: 'nginx/1.10.1',
245 silly get     'content-type': 'application/json',
245 silly get     'last-modified': 'Wed, 01 Mar 2017 06:11:08 GMT',
245 silly get     etag: 'W/"58b665fc-eb9"',
245 silly get     'content-encoding': 'gzip',
245 silly get     'cache-control': 'max-age=300',
245 silly get     'content-length': '964',
245 silly get     'accept-ranges': 'bytes',
245 silly get     date: 'Thu, 06 Apr 2017 16:08:42 GMT',
245 silly get     via: '1.1 varnish',
245 silly get     age: '241',
245 silly get     connection: 'keep-alive',
245 silly get     'x-served-by': 'cache-sin18023-SIN',
245 silly get     'x-cache': 'HIT',
245 silly get     'x-cache-hits': '8',
245 silly get     'x-timer': 'S1491494922.363837,VS0,VE0',
245 silly get     vary: 'Accept-Encoding' } ]
246 verbose get saving core-util-is to /home/shahriar294/.npm/registry.npmjs.org/core-util-is/.cache.json
247 verbose correctMkdir /home/shahriar294/.npm correctMkdir not in flight; initializing
248 http 200 https://registry.npmjs.org/util-deprecate
249 verbose headers { server: 'nginx/1.10.1',
249 verbose headers   'content-type': 'application/json',
249 verbose headers   'last-modified': 'Tue, 01 Nov 2016 18:47:39 GMT',
249 verbose headers   etag: 'W/"5818e34b-16d9"',
249 verbose headers   'content-encoding': 'gzip',
249 verbose headers   'cache-control': 'max-age=300',
249 verbose headers   'content-length': '1806',
249 verbose headers   'accept-ranges': 'bytes',
249 verbose headers   date: 'Thu, 06 Apr 2017 16:08:42 GMT',
249 verbose headers   via: '1.1 varnish',
249 verbose headers   age: '282',
249 verbose headers   connection: 'keep-alive',
249 verbose headers   'x-served-by': 'cache-sin18031-SIN',
249 verbose headers   'x-cache': 'HIT',
249 verbose headers   'x-cache-hits': '9',
249 verbose headers   'x-timer': 'S1491494922.368056,VS0,VE0',
249 verbose headers   vary: 'Accept-Encoding' }
250 silly get cb [ 200,
250 silly get   { server: 'nginx/1.10.1',
250 silly get     'content-type': 'application/json',
250 silly get     'last-modified': 'Tue, 01 Nov 2016 18:47:39 GMT',
250 silly get     etag: 'W/"5818e34b-16d9"',
250 silly get     'content-encoding': 'gzip',
250 silly get     'cache-control': 'max-age=300',
250 silly get     'content-length': '1806',
250 silly get     'accept-ranges': 'bytes',
250 silly get     date: 'Thu, 06 Apr 2017 16:08:42 GMT',
250 silly get     via: '1.1 varnish',
250 silly get     age: '282',
250 silly get     connection: 'keep-alive',
250 silly get     'x-served-by': 'cache-sin18031-SIN',
250 silly get     'x-cache': 'HIT',
250 silly get     'x-cache-hits': '9',
250 silly get     'x-timer': 'S1491494922.368056,VS0,VE0',
250 silly get     vary: 'Accept-Encoding' } ]
251 verbose get saving util-deprecate to /home/shahriar294/.npm/registry.npmjs.org/util-deprecate/.cache.json
252 verbose correctMkdir /home/shahriar294/.npm correctMkdir not in flight; initializing
253 http 200 https://registry.npmjs.org/process-nextick-args
254 verbose headers { server: 'nginx/1.10.1',
254 verbose headers   'content-type': 'application/json',
254 verbose headers   'last-modified': 'Tue, 01 Nov 2016 18:02:33 GMT',
254 verbose headers   etag: 'W/"5818d8b9-247f"',
254 verbose headers   'content-encoding': 'gzip',
254 verbose headers   'cache-control': 'max-age=300',
254 verbose headers   'content-length': '1673',
254 verbose headers   'accept-ranges': 'bytes',
254 verbose headers   date: 'Thu, 06 Apr 2017 16:08:42 GMT',
254 verbose headers   via: '1.1 varnish',
254 verbose headers   age: '219',
254 verbose headers   connection: 'keep-alive',
254 verbose headers   'x-served-by': 'cache-sin18033-SIN',
254 verbose headers   'x-cache': 'HIT',
254 verbose headers   'x-cache-hits': '8',
254 verbose headers   'x-timer': 'S1491494922.358028,VS0,VE0',
254 verbose headers   vary: 'Accept-Encoding' }
255 silly get cb [ 200,
255 silly get   { server: 'nginx/1.10.1',
255 silly get     'content-type': 'application/json',
255 silly get     'last-modified': 'Tue, 01 Nov 2016 18:02:33 GMT',
255 silly get     etag: 'W/"5818d8b9-247f"',
255 silly get     'content-encoding': 'gzip',
255 silly get     'cache-control': 'max-age=300',
255 silly get     'content-length': '1673',
255 silly get     'accept-ranges': 'bytes',
255 silly get     date: 'Thu, 06 Apr 2017 16:08:42 GMT',
255 silly get     via: '1.1 varnish',
255 silly get     age: '219',
255 silly get     connection: 'keep-alive',
255 silly get     'x-served-by': 'cache-sin18033-SIN',
255 silly get     'x-cache': 'HIT',
255 silly get     'x-cache-hits': '8',
255 silly get     'x-timer': 'S1491494922.358028,VS0,VE0',
255 silly get     vary: 'Accept-Encoding' } ]
256 verbose get saving process-nextick-args to /home/shahriar294/.npm/registry.npmjs.org/process-nextick-args/.cache.json
257 verbose correctMkdir /home/shahriar294/.npm correctMkdir not in flight; initializing
258 silly resolveWithNewModule core-util-is@1.0.2 checking installable status
259 silly cache add args [ 'core-util-is@~1.0.0', null ]
260 verbose cache add spec core-util-is@~1.0.0
261 silly cache add parsed spec Result {
261 silly cache add   raw: 'core-util-is@~1.0.0',
261 silly cache add   scope: null,
261 silly cache add   escapedName: 'core-util-is',
261 silly cache add   name: 'core-util-is',
261 silly cache add   rawSpec: '~1.0.0',
261 silly cache add   spec: '>=1.0.0 <1.1.0',
261 silly cache add   type: 'range' }
262 silly addNamed core-util-is@>=1.0.0 <1.1.0
263 verbose addNamed ">=1.0.0 <1.1.0" is a valid semver range for core-util-is
264 silly addNameRange { name: 'core-util-is', range: '>=1.0.0 <1.1.0', hasData: false }
265 silly mapToRegistry name core-util-is
266 silly mapToRegistry using default registry
267 silly mapToRegistry registry https://registry.npmjs.org/
268 silly mapToRegistry data Result {
268 silly mapToRegistry   raw: 'core-util-is',
268 silly mapToRegistry   scope: null,
268 silly mapToRegistry   escapedName: 'core-util-is',
268 silly mapToRegistry   name: 'core-util-is',
268 silly mapToRegistry   rawSpec: '',
268 silly mapToRegistry   spec: 'latest',
268 silly mapToRegistry   type: 'tag' }
269 silly mapToRegistry uri https://registry.npmjs.org/core-util-is
270 verbose addNameRange registry:https://registry.npmjs.org/core-util-is not in flight; fetching
271 silly resolveWithNewModule util-deprecate@1.0.2 checking installable status
272 silly cache add args [ 'util-deprecate@~1.0.1', null ]
273 verbose cache add spec util-deprecate@~1.0.1
274 silly cache add parsed spec Result {
274 silly cache add   raw: 'util-deprecate@~1.0.1',
274 silly cache add   scope: null,
274 silly cache add   escapedName: 'util-deprecate',
274 silly cache add   name: 'util-deprecate',
274 silly cache add   rawSpec: '~1.0.1',
274 silly cache add   spec: '>=1.0.1 <1.1.0',
274 silly cache add   type: 'range' }
275 silly addNamed util-deprecate@>=1.0.1 <1.1.0
276 verbose addNamed ">=1.0.1 <1.1.0" is a valid semver range for util-deprecate
277 silly addNameRange { name: 'util-deprecate',
277 silly addNameRange   range: '>=1.0.1 <1.1.0',
277 silly addNameRange   hasData: false }
278 silly mapToRegistry name util-deprecate
279 silly mapToRegistry using default registry
280 silly mapToRegistry registry https://registry.npmjs.org/
281 silly mapToRegistry data Result {
281 silly mapToRegistry   raw: 'util-deprecate',
281 silly mapToRegistry   scope: null,
281 silly mapToRegistry   escapedName: 'util-deprecate',
281 silly mapToRegistry   name: 'util-deprecate',
281 silly mapToRegistry   rawSpec: '',
281 silly mapToRegistry   spec: 'latest',
281 silly mapToRegistry   type: 'tag' }
282 silly mapToRegistry uri https://registry.npmjs.org/util-deprecate
283 verbose addNameRange registry:https://registry.npmjs.org/util-deprecate not in flight; fetching
284 silly resolveWithNewModule process-nextick-args@1.0.7 checking installable status
285 silly cache add args [ 'process-nextick-args@~1.0.6', null ]
286 verbose cache add spec process-nextick-args@~1.0.6
287 silly cache add parsed spec Result {
287 silly cache add   raw: 'process-nextick-args@~1.0.6',
287 silly cache add   scope: null,
287 silly cache add   escapedName: 'process-nextick-args',
287 silly cache add   name: 'process-nextick-args',
287 silly cache add   rawSpec: '~1.0.6',
287 silly cache add   spec: '>=1.0.6 <1.1.0',
287 silly cache add   type: 'range' }
288 silly addNamed process-nextick-args@>=1.0.6 <1.1.0
289 verbose addNamed ">=1.0.6 <1.1.0" is a valid semver range for process-nextick-args
290 silly addNameRange { name: 'process-nextick-args',
290 silly addNameRange   range: '>=1.0.6 <1.1.0',
290 silly addNameRange   hasData: false }
291 silly mapToRegistry name process-nextick-args
292 silly mapToRegistry using default registry
293 silly mapToRegistry registry https://registry.npmjs.org/
294 silly mapToRegistry data Result {
294 silly mapToRegistry   raw: 'process-nextick-args',
294 silly mapToRegistry   scope: null,
294 silly mapToRegistry   escapedName: 'process-nextick-args',
294 silly mapToRegistry   name: 'process-nextick-args',
294 silly mapToRegistry   rawSpec: '',
294 silly mapToRegistry   spec: 'latest',
294 silly mapToRegistry   type: 'tag' }
295 silly mapToRegistry uri https://registry.npmjs.org/process-nextick-args
296 verbose addNameRange registry:https://registry.npmjs.org/process-nextick-args not in flight; fetching
297 verbose get https://registry.npmjs.org/core-util-is not expired, no request
298 silly addNameRange number 2 { name: 'core-util-is', range: '>=1.0.0 <1.1.0', hasData: true }
299 silly addNameRange versions [ 'core-util-is', [ '1.0.0', '1.0.1', '1.0.2' ] ]
300 silly addNamed core-util-is@1.0.2
301 verbose addNamed "1.0.2" is a plain semver version for core-util-is
302 verbose get https://registry.npmjs.org/util-deprecate not expired, no request
303 silly addNameRange number 2 { name: 'util-deprecate',
303 silly addNameRange   range: '>=1.0.1 <1.1.0',
303 silly addNameRange   hasData: true }
304 silly addNameRange versions [ 'util-deprecate', [ '1.0.0', '1.0.1', '1.0.2' ] ]
305 silly addNamed util-deprecate@1.0.2
306 verbose addNamed "1.0.2" is a plain semver version for util-deprecate
307 verbose get https://registry.npmjs.org/process-nextick-args not expired, no request
308 silly addNameRange number 2 { name: 'process-nextick-args',
308 silly addNameRange   range: '>=1.0.6 <1.1.0',
308 silly addNameRange   hasData: true }
309 silly addNameRange versions [ 'process-nextick-args',
309 silly addNameRange   [ '1.0.0',
309 silly addNameRange     '1.0.1',
309 silly addNameRange     '1.0.2',
309 silly addNameRange     '1.0.3',
309 silly addNameRange     '1.0.4',
309 silly addNameRange     '1.0.5',
309 silly addNameRange     '1.0.6',
309 silly addNameRange     '1.0.7' ] ]
310 silly addNamed process-nextick-args@1.0.7
311 verbose addNamed "1.0.7" is a plain semver version for process-nextick-args
312 silly mapToRegistry name core-util-is
313 silly mapToRegistry using default registry
314 silly mapToRegistry registry https://registry.npmjs.org/
315 silly mapToRegistry data Result {
315 silly mapToRegistry   raw: 'core-util-is',
315 silly mapToRegistry   scope: null,
315 silly mapToRegistry   escapedName: 'core-util-is',
315 silly mapToRegistry   name: 'core-util-is',
315 silly mapToRegistry   rawSpec: '',
315 silly mapToRegistry   spec: 'latest',
315 silly mapToRegistry   type: 'tag' }
316 silly mapToRegistry uri https://registry.npmjs.org/core-util-is
317 verbose addRemoteTarball https://registry.npmjs.org/core-util-is/-/core-util-is-1.0.2.tgz not in flight; adding
318 verbose addRemoteTarball [ 'https://registry.npmjs.org/core-util-is/-/core-util-is-1.0.2.tgz',
318 verbose addRemoteTarball   'b5fd54220aa2bc5ab57aab7140c940754503c1a7' ]
319 silly mapToRegistry name util-deprecate
320 silly mapToRegistry using default registry
321 silly mapToRegistry registry https://registry.npmjs.org/
322 silly mapToRegistry data Result {
322 silly mapToRegistry   raw: 'util-deprecate',
322 silly mapToRegistry   scope: null,
322 silly mapToRegistry   escapedName: 'util-deprecate',
322 silly mapToRegistry   name: 'util-deprecate',
322 silly mapToRegistry   rawSpec: '',
322 silly mapToRegistry   spec: 'latest',
322 silly mapToRegistry   type: 'tag' }
323 silly mapToRegistry uri https://registry.npmjs.org/util-deprecate
324 verbose addRemoteTarball https://registry.npmjs.org/util-deprecate/-/util-deprecate-1.0.2.tgz not in flight; adding
325 verbose addRemoteTarball [ 'https://registry.npmjs.org/util-deprecate/-/util-deprecate-1.0.2.tgz',
325 verbose addRemoteTarball   '450d4dc9fa70de732762fbd2d4a28981419a0ccf' ]
326 silly mapToRegistry name process-nextick-args
327 silly mapToRegistry using default registry
328 silly mapToRegistry registry https://registry.npmjs.org/
329 silly mapToRegistry data Result {
329 silly mapToRegistry   raw: 'process-nextick-args',
329 silly mapToRegistry   scope: null,
329 silly mapToRegistry   escapedName: 'process-nextick-args',
329 silly mapToRegistry   name: 'process-nextick-args',
329 silly mapToRegistry   rawSpec: '',
329 silly mapToRegistry   spec: 'latest',
329 silly mapToRegistry   type: 'tag' }
330 silly mapToRegistry uri https://registry.npmjs.org/process-nextick-args
331 verbose addRemoteTarball https://registry.npmjs.org/process-nextick-args/-/process-nextick-args-1.0.7.tgz not in flight; adding
332 verbose addRemoteTarball [ 'https://registry.npmjs.org/process-nextick-args/-/process-nextick-args-1.0.7.tgz',
332 verbose addRemoteTarball   '150e20b756590ad3f91093f25a4f2ad8bff30ba3' ]
333 info retry fetch attempt 1 at 9:08:42 AM
334 info attempt registry request try #1 at 9:08:42 AM
335 http fetch GET https://registry.npmjs.org/core-util-is/-/core-util-is-1.0.2.tgz
336 info retry fetch attempt 1 at 9:08:42 AM
337 info attempt registry request try #1 at 9:08:42 AM
338 http fetch GET https://registry.npmjs.org/util-deprecate/-/util-deprecate-1.0.2.tgz
339 info retry fetch attempt 1 at 9:08:42 AM
340 info attempt registry request try #1 at 9:08:42 AM
341 http fetch GET https://registry.npmjs.org/process-nextick-args/-/process-nextick-args-1.0.7.tgz
342 http 304 https://registry.npmjs.org/inherits
343 verbose headers { date: 'Thu, 06 Apr 2017 16:08:42 GMT',
343 verbose headers   via: '1.1 varnish',
343 verbose headers   'cache-control': 'max-age=300',
343 verbose headers   etag: 'W/"5881edff-2213"',
343 verbose headers   age: '10',
343 verbose headers   connection: 'keep-alive',
343 verbose headers   'x-served-by': 'cache-sin18030-SIN',
343 verbose headers   'x-cache': 'HIT',
343 verbose headers   'x-cache-hits': '57',
343 verbose headers   'x-timer': 'S1491494922.447137,VS0,VE0',
343 verbose headers   vary: 'Accept-Encoding' }
344 silly get cb [ 304,
344 silly get   { date: 'Thu, 06 Apr 2017 16:08:42 GMT',
344 silly get     via: '1.1 varnish',
344 silly get     'cache-control': 'max-age=300',
344 silly get     etag: 'W/"5881edff-2213"',
344 silly get     age: '10',
344 silly get     connection: 'keep-alive',
344 silly get     'x-served-by': 'cache-sin18030-SIN',
344 silly get     'x-cache': 'HIT',
344 silly get     'x-cache-hits': '57',
344 silly get     'x-timer': 'S1491494922.447137,VS0,VE0',
344 silly get     vary: 'Accept-Encoding' } ]
345 verbose etag https://registry.npmjs.org/inherits from cache
346 verbose get saving inherits to /home/shahriar294/.npm/registry.npmjs.org/inherits/.cache.json
347 verbose correctMkdir /home/shahriar294/.npm correctMkdir not in flight; initializing
348 silly resolveWithNewModule inherits@2.0.3 checking installable status
349 silly cache add args [ 'inherits@~2.0.1', null ]
350 verbose cache add spec inherits@~2.0.1
351 silly cache add parsed spec Result {
351 silly cache add   raw: 'inherits@~2.0.1',
351 silly cache add   scope: null,
351 silly cache add   escapedName: 'inherits',
351 silly cache add   name: 'inherits',
351 silly cache add   rawSpec: '~2.0.1',
351 silly cache add   spec: '>=2.0.1 <2.1.0',
351 silly cache add   type: 'range' }
352 silly addNamed inherits@>=2.0.1 <2.1.0
353 verbose addNamed ">=2.0.1 <2.1.0" is a valid semver range for inherits
354 silly addNameRange { name: 'inherits', range: '>=2.0.1 <2.1.0', hasData: false }
355 silly mapToRegistry name inherits
356 silly mapToRegistry using default registry
357 silly mapToRegistry registry https://registry.npmjs.org/
358 silly mapToRegistry data Result {
358 silly mapToRegistry   raw: 'inherits',
358 silly mapToRegistry   scope: null,
358 silly mapToRegistry   escapedName: 'inherits',
358 silly mapToRegistry   name: 'inherits',
358 silly mapToRegistry   rawSpec: '',
358 silly mapToRegistry   spec: 'latest',
358 silly mapToRegistry   type: 'tag' }
359 silly mapToRegistry uri https://registry.npmjs.org/inherits
360 verbose addNameRange registry:https://registry.npmjs.org/inherits not in flight; fetching
361 verbose get https://registry.npmjs.org/inherits not expired, no request
362 silly addNameRange number 2 { name: 'inherits', range: '>=2.0.1 <2.1.0', hasData: true }
363 silly addNameRange versions [ 'inherits',
363 silly addNameRange   [ '1.0.0', '2.0.0', '2.0.1', '1.0.1', '1.0.2', '2.0.3' ] ]
364 silly addNamed inherits@2.0.3
365 verbose addNamed "2.0.3" is a plain semver version for inherits
366 silly cache afterAdd inherits@2.0.3
367 verbose afterAdd /home/shahriar294/.npm/inherits/2.0.3/package/package.json not in flight; writing
368 verbose correctMkdir /home/shahriar294/.npm correctMkdir not in flight; initializing
369 http 304 https://registry.npmjs.org/isarray
370 verbose headers { date: 'Thu, 06 Apr 2017 16:08:42 GMT',
370 verbose headers   via: '1.1 varnish',
370 verbose headers   'cache-control': 'max-age=300',
370 verbose headers   etag: 'W/"5818d2eb-226a"',
370 verbose headers   age: '30',
370 verbose headers   connection: 'keep-alive',
370 verbose headers   'x-served-by': 'cache-sin18028-SIN',
370 verbose headers   'x-cache': 'HIT',
370 verbose headers   'x-cache-hits': '3',
370 verbose headers   'x-timer': 'S1491494922.462679,VS0,VE0',
370 verbose headers   vary: 'Accept-Encoding' }
371 silly get cb [ 304,
371 silly get   { date: 'Thu, 06 Apr 2017 16:08:42 GMT',
371 silly get     via: '1.1 varnish',
371 silly get     'cache-control': 'max-age=300',
371 silly get     etag: 'W/"5818d2eb-226a"',
371 silly get     age: '30',
371 silly get     connection: 'keep-alive',
371 silly get     'x-served-by': 'cache-sin18028-SIN',
371 silly get     'x-cache': 'HIT',
371 silly get     'x-cache-hits': '3',
371 silly get     'x-timer': 'S1491494922.462679,VS0,VE0',
371 silly get     vary: 'Accept-Encoding' } ]
372 verbose etag https://registry.npmjs.org/isarray from cache
373 verbose get saving isarray to /home/shahriar294/.npm/registry.npmjs.org/isarray/.cache.json
374 verbose correctMkdir /home/shahriar294/.npm correctMkdir not in flight; initializing
375 verbose afterAdd /home/shahriar294/.npm/inherits/2.0.3/package/package.json written
376 silly resolveWithNewModule isarray@1.0.0 checking installable status
377 silly cache add args [ 'isarray@~1.0.0', null ]
378 verbose cache add spec isarray@~1.0.0
379 silly cache add parsed spec Result {
379 silly cache add   raw: 'isarray@~1.0.0',
379 silly cache add   scope: null,
379 silly cache add   escapedName: 'isarray',
379 silly cache add   name: 'isarray',
379 silly cache add   rawSpec: '~1.0.0',
379 silly cache add   spec: '>=1.0.0 <1.1.0',
379 silly cache add   type: 'range' }
380 silly addNamed isarray@>=1.0.0 <1.1.0
381 verbose addNamed ">=1.0.0 <1.1.0" is a valid semver range for isarray
382 silly addNameRange { name: 'isarray', range: '>=1.0.0 <1.1.0', hasData: false }
383 silly mapToRegistry name isarray
384 silly mapToRegistry using default registry
385 silly mapToRegistry registry https://registry.npmjs.org/
386 silly mapToRegistry data Result {
386 silly mapToRegistry   raw: 'isarray',
386 silly mapToRegistry   scope: null,
386 silly mapToRegistry   escapedName: 'isarray',
386 silly mapToRegistry   name: 'isarray',
386 silly mapToRegistry   rawSpec: '',
386 silly mapToRegistry   spec: 'latest',
386 silly mapToRegistry   type: 'tag' }
387 silly mapToRegistry uri https://registry.npmjs.org/isarray
388 verbose addNameRange registry:https://registry.npmjs.org/isarray not in flight; fetching
389 verbose get https://registry.npmjs.org/isarray not expired, no request
390 silly addNameRange number 2 { name: 'isarray', range: '>=1.0.0 <1.1.0', hasData: true }
391 silly addNameRange versions [ 'isarray', [ '0.0.0', '0.0.1', '1.0.0', '2.0.0', '2.0.1' ] ]
392 silly addNamed isarray@1.0.0
393 verbose addNamed "1.0.0" is a plain semver version for isarray
394 silly mapToRegistry name isarray
395 silly mapToRegistry using default registry
396 silly mapToRegistry registry https://registry.npmjs.org/
397 silly mapToRegistry data Result {
397 silly mapToRegistry   raw: 'isarray',
397 silly mapToRegistry   scope: null,
397 silly mapToRegistry   escapedName: 'isarray',
397 silly mapToRegistry   name: 'isarray',
397 silly mapToRegistry   rawSpec: '',
397 silly mapToRegistry   spec: 'latest',
397 silly mapToRegistry   type: 'tag' }
398 silly mapToRegistry uri https://registry.npmjs.org/isarray
399 verbose addRemoteTarball https://registry.npmjs.org/isarray/-/isarray-1.0.0.tgz not in flight; adding
400 verbose addRemoteTarball [ 'https://registry.npmjs.org/isarray/-/isarray-1.0.0.tgz',
400 verbose addRemoteTarball   'bb935d48582cba168c06834957a54a3e07124f11' ]
401 info retry fetch attempt 1 at 9:08:42 AM
402 info attempt registry request try #1 at 9:08:42 AM
403 http fetch GET https://registry.npmjs.org/isarray/-/isarray-1.0.0.tgz
404 http fetch 200 https://registry.npmjs.org/core-util-is/-/core-util-is-1.0.2.tgz
405 http fetch 200 https://registry.npmjs.org/util-deprecate/-/util-deprecate-1.0.2.tgz
406 http fetch 200 https://registry.npmjs.org/process-nextick-args/-/process-nextick-args-1.0.7.tgz
407 silly fetchAndShaCheck shasum 150e20b756590ad3f91093f25a4f2ad8bff30ba3
408 silly fetchAndShaCheck shasum b5fd54220aa2bc5ab57aab7140c940754503c1a7
409 silly fetchAndShaCheck shasum 450d4dc9fa70de732762fbd2d4a28981419a0ccf
410 verbose addTmpTarball /tmp/npm-3928-9dccdd3b/registry.npmjs.org/process-nextick-args/-/process-nextick-args-1.0.7.tgz not in flight; adding
411 verbose addTmpTarball already have metadata; skipping unpack for process-nextick-args@1.0.7
412 verbose correctMkdir /home/shahriar294/.npm correctMkdir not in flight; initializing
413 verbose addTmpTarball /tmp/npm-3928-9dccdd3b/registry.npmjs.org/core-util-is/-/core-util-is-1.0.2.tgz not in flight; adding
414 verbose addTmpTarball already have metadata; skipping unpack for core-util-is@1.0.2
415 verbose correctMkdir /home/shahriar294/.npm correctMkdir not in flight; initializing
416 verbose addTmpTarball /tmp/npm-3928-9dccdd3b/registry.npmjs.org/util-deprecate/-/util-deprecate-1.0.2.tgz not in flight; adding
417 verbose addTmpTarball already have metadata; skipping unpack for util-deprecate@1.0.2
418 verbose correctMkdir /home/shahriar294/.npm correctMkdir not in flight; initializing
419 silly cache afterAdd process-nextick-args@1.0.7
420 verbose afterAdd /home/shahriar294/.npm/process-nextick-args/1.0.7/package/package.json not in flight; writing
421 verbose correctMkdir /home/shahriar294/.npm correctMkdir not in flight; initializing
422 silly cache afterAdd core-util-is@1.0.2
423 verbose afterAdd /home/shahriar294/.npm/core-util-is/1.0.2/package/package.json not in flight; writing
424 verbose correctMkdir /home/shahriar294/.npm correctMkdir not in flight; initializing
425 silly cache afterAdd util-deprecate@1.0.2
426 verbose afterAdd /home/shahriar294/.npm/util-deprecate/1.0.2/package/package.json not in flight; writing
427 verbose correctMkdir /home/shahriar294/.npm correctMkdir not in flight; initializing
428 verbose afterAdd /home/shahriar294/.npm/process-nextick-args/1.0.7/package/package.json written
429 verbose afterAdd /home/shahriar294/.npm/core-util-is/1.0.2/package/package.json written
430 verbose afterAdd /home/shahriar294/.npm/util-deprecate/1.0.2/package/package.json written
431 http fetch 200 https://registry.npmjs.org/isarray/-/isarray-1.0.0.tgz
432 silly fetchAndShaCheck shasum bb935d48582cba168c06834957a54a3e07124f11
433 verbose addTmpTarball /tmp/npm-3928-9dccdd3b/registry.npmjs.org/isarray/-/isarray-1.0.0.tgz not in flight; adding
434 verbose addTmpTarball already have metadata; skipping unpack for isarray@1.0.0
435 verbose correctMkdir /home/shahriar294/.npm correctMkdir not in flight; initializing
436 silly cache afterAdd isarray@1.0.0
437 verbose afterAdd /home/shahriar294/.npm/isarray/1.0.0/package/package.json not in flight; writing
438 verbose correctMkdir /home/shahriar294/.npm correctMkdir not in flight; initializing
439 verbose afterAdd /home/shahriar294/.npm/isarray/1.0.0/package/package.json written
440 http 200 https://registry.npmjs.org/string_decoder
441 verbose headers { server: 'nginx/1.10.1',
441 verbose headers   'content-type': 'application/json',
441 verbose headers   'last-modified': 'Thu, 06 Apr 2017 13:38:19 GMT',
441 verbose headers   etag: 'W/"58e644cb-29d9"',
441 verbose headers   'content-encoding': 'gzip',
441 verbose headers   'cache-control': 'max-age=300',
441 verbose headers   'content-length': '1995',
441 verbose headers   'accept-ranges': 'bytes',
441 verbose headers   date: 'Thu, 06 Apr 2017 16:08:43 GMT',
441 verbose headers   via: '1.1 varnish',
441 verbose headers   age: '242',
441 verbose headers   connection: 'keep-alive',
441 verbose headers   'x-served-by': 'cache-sin18032-SIN',
441 verbose headers   'x-cache': 'HIT',
441 verbose headers   'x-cache-hits': '10',
441 verbose headers   'x-timer': 'S1491494924.770124,VS0,VE0',
441 verbose headers   vary: 'Accept-Encoding' }
442 silly get cb [ 200,
442 silly get   { server: 'nginx/1.10.1',
442 silly get     'content-type': 'application/json',
442 silly get     'last-modified': 'Thu, 06 Apr 2017 13:38:19 GMT',
442 silly get     etag: 'W/"58e644cb-29d9"',
442 silly get     'content-encoding': 'gzip',
442 silly get     'cache-control': 'max-age=300',
442 silly get     'content-length': '1995',
442 silly get     'accept-ranges': 'bytes',
442 silly get     date: 'Thu, 06 Apr 2017 16:08:43 GMT',
442 silly get     via: '1.1 varnish',
442 silly get     age: '242',
442 silly get     connection: 'keep-alive',
442 silly get     'x-served-by': 'cache-sin18032-SIN',
442 silly get     'x-cache': 'HIT',
442 silly get     'x-cache-hits': '10',
442 silly get     'x-timer': 'S1491494924.770124,VS0,VE0',
442 silly get     vary: 'Accept-Encoding' } ]
443 verbose get saving string_decoder to /home/shahriar294/.npm/registry.npmjs.org/string_decoder/.cache.json
444 verbose correctMkdir /home/shahriar294/.npm correctMkdir not in flight; initializing
445 silly resolveWithNewModule string_decoder@0.10.31 checking installable status
446 silly cache add args [ 'string_decoder@~0.10.x', null ]
447 verbose cache add spec string_decoder@~0.10.x
448 silly cache add parsed spec Result {
448 silly cache add   raw: 'string_decoder@~0.10.x',
448 silly cache add   scope: null,
448 silly cache add   escapedName: 'string_decoder',
448 silly cache add   name: 'string_decoder',
448 silly cache add   rawSpec: '~0.10.x',
448 silly cache add   spec: '>=0.10.0 <0.11.0',
448 silly cache add   type: 'range' }
449 silly addNamed string_decoder@>=0.10.0 <0.11.0
450 verbose addNamed ">=0.10.0 <0.11.0" is a valid semver range for string_decoder
451 silly addNameRange { name: 'string_decoder',
451 silly addNameRange   range: '>=0.10.0 <0.11.0',
451 silly addNameRange   hasData: false }
452 silly mapToRegistry name string_decoder
453 silly mapToRegistry using default registry
454 silly mapToRegistry registry https://registry.npmjs.org/
455 silly mapToRegistry data Result {
455 silly mapToRegistry   raw: 'string_decoder',
455 silly mapToRegistry   scope: null,
455 silly mapToRegistry   escapedName: 'string_decoder',
455 silly mapToRegistry   name: 'string_decoder',
455 silly mapToRegistry   rawSpec: '',
455 silly mapToRegistry   spec: 'latest',
455 silly mapToRegistry   type: 'tag' }
456 silly mapToRegistry uri https://registry.npmjs.org/string_decoder
457 verbose addNameRange registry:https://registry.npmjs.org/string_decoder not in flight; fetching
458 verbose get https://registry.npmjs.org/string_decoder not expired, no request
459 silly addNameRange number 2 { name: 'string_decoder',
459 silly addNameRange   range: '>=0.10.0 <0.11.0',
459 silly addNameRange   hasData: true }
460 silly addNameRange versions [ 'string_decoder',
460 silly addNameRange   [ '0.0.0',
460 silly addNameRange     '0.0.1',
460 silly addNameRange     '0.10.24',
460 silly addNameRange     '0.11.10',
460 silly addNameRange     '0.10.25',
460 silly addNameRange     '0.11.10-1',
460 silly addNameRange     '0.10.25-1',
460 silly addNameRange     '0.10.31',
460 silly addNameRange     '1.0.0' ] ]
461 silly addNamed string_decoder@0.10.31
462 verbose addNamed "0.10.31" is a plain semver version for string_decoder
463 silly mapToRegistry name string_decoder
464 silly mapToRegistry using default registry
465 silly mapToRegistry registry https://registry.npmjs.org/
466 silly mapToRegistry data Result {
466 silly mapToRegistry   raw: 'string_decoder',
466 silly mapToRegistry   scope: null,
466 silly mapToRegistry   escapedName: 'string_decoder',
466 silly mapToRegistry   name: 'string_decoder',
466 silly mapToRegistry   rawSpec: '',
466 silly mapToRegistry   spec: 'latest',
466 silly mapToRegistry   type: 'tag' }
467 silly mapToRegistry uri https://registry.npmjs.org/string_decoder
468 verbose addRemoteTarball https://registry.npmjs.org/string_decoder/-/string_decoder-0.10.31.tgz not in flight; adding
469 verbose addRemoteTarball [ 'https://registry.npmjs.org/string_decoder/-/string_decoder-0.10.31.tgz',
469 verbose addRemoteTarball   '62e203bc41766c6c28c9fc84301dab1c5310fa94' ]
470 info retry fetch attempt 1 at 9:08:43 AM
471 info attempt registry request try #1 at 9:08:43 AM
472 http fetch GET https://registry.npmjs.org/string_decoder/-/string_decoder-0.10.31.tgz
473 http fetch 200 https://registry.npmjs.org/string_decoder/-/string_decoder-0.10.31.tgz
474 silly fetchAndShaCheck shasum 62e203bc41766c6c28c9fc84301dab1c5310fa94
475 verbose addTmpTarball /tmp/npm-3928-9dccdd3b/registry.npmjs.org/string_decoder/-/string_decoder-0.10.31.tgz not in flight; adding
476 verbose addTmpTarball already have metadata; skipping unpack for string_decoder@0.10.31
477 verbose correctMkdir /home/shahriar294/.npm correctMkdir not in flight; initializing
478 silly cache afterAdd string_decoder@0.10.31
479 verbose afterAdd /home/shahriar294/.npm/string_decoder/0.10.31/package/package.json not in flight; writing
480 verbose correctMkdir /home/shahriar294/.npm correctMkdir not in flight; initializing
481 verbose afterAdd /home/shahriar294/.npm/string_decoder/0.10.31/package/package.json written
482 silly loadAllDepsIntoIdealTree Finishing
483 silly loadIdealTree Finishing
484 silly currentTree lib
485 silly idealTree lib
485 silly idealTree  bl@1.2.0
485 silly idealTree    buffer-shims@1.0.0
485 silly idealTree    core-util-is@1.0.2
485 silly idealTree    inherits@2.0.3
485 silly idealTree    isarray@1.0.0
485 silly idealTree    process-nextick-args@1.0.7
485 silly idealTree    readable-stream@2.2.6
485 silly idealTree    string_decoder@0.10.31
485 silly idealTree    util-deprecate@1.0.2
486 silly generateActionsToTake Starting
487 silly install generateActionsToTake
488 warn checkPermissions Missing write access to /usr/lib/node_modules
489 silly rollbackFailedOptional Starting
490 silly rollbackFailedOptional Finishing
491 silly runTopLevelLifecycles Finishing
492 silly install printInstalled
493 verbose stack Error: EACCES: permission denied, access '/usr/lib/node_modules'
493 verbose stack     at Error (native)
494 verbose cwd /home/shahriar294/Desktop/juggling-async
495 error Linux 3.19.0-25-generic
496 error argv "/usr/bin/nodejs" "/usr/bin/npm" "install" "-g" "bl"
497 error node v6.10.0
498 error npm  v3.10.10
499 error path /usr/lib/node_modules
500 error code EACCES
501 error errno -13
502 error syscall access
503 error Error: EACCES: permission denied, access '/usr/lib/node_modules'
503 error     at Error (native)
503 error  { Error: EACCES: permission denied, access '/usr/lib/node_modules'
503 error     at Error (native)
503 error   errno: -13,
503 error   code: 'EACCES',
503 error   syscall: 'access',
503 error   path: '/usr/lib/node_modules' }
504 error Please try running this command again as root/Administrator.
505 verbose exit [ -13, true ]
